<?xml version="1.0" encoding="UTF-8"?>
<testsuite xmlns:xsi="http://www.w3.org/2001/XMLSchema-instance" xsi:noNamespaceSchemaLocation="https://maven.apache.org/surefire/maven-surefire-plugin/xsd/surefire-test-report-3.0.xsd" version="3.0" name="tn.esprit.tpfoyer.integration.BlocRepositoryTest" time="16.485" tests="1" errors="0" skipped="0" failures="0">
  <properties>
[...]
</properties>
  <testcase name="testFindByCapaciteGreaterThan" classname="tn.esprit.tpfoyer.integration.BlocRepositoryTest" time="1.466">
    <system-out><![CDATA[13:56:19.990 [main] INFO org.springframework.test.context.support.AnnotationConfigContextLoaderUtils -- Could not detect default configuration classes for test class [tn.esprit.tpfoyer.integration.BlocRepositoryTest]: BlocRepositoryTest does not declare any static, non-private, non-final, nested classes annotated with @Configuration.
13:56:20.587 [main] INFO org.springframework.boot.test.context.SpringBootTestContextBootstrapper -- Found @SpringBootConfiguration tn.esprit.tpfoyer.TpFoyerApplication for test class tn.esprit.tpfoyer.integration.BlocRepositoryTest

  .   ____          _            __ _ _
 /\\ / ___'_ __ _ _(_)_ __  __ _ \ \ \ \
( ( )\___ | '_ | '_| | '_ \/ _` | \ \ \ \
 \\/  ___)| |_)| | | | | || (_| |  ) ) ) )
  '  |____| .__|_| |_|_| |_\__, | / / / /
 =========|_|==============|___/=/_/_/_/

 :: Spring Boot ::                (v3.3.4)

2025-07-17T13:56:22.130+01:00  INFO 37008 --- [           main] t.e.t.integration.BlocRepositoryTest     : Starting BlocRepositoryTest using Java 21.0.7 with PID 37008 (started by Cyrine ATTIA in C:\Users\Cyrine ATTIA\Downloads\tp-foyer1\tp-foyer)
2025-07-17T13:56:22.133+01:00  INFO 37008 --- [           main] t.e.t.integration.BlocRepositoryTest     : No active profile set, falling back to 1 default profile: "default"
2025-07-17T13:56:23.501+01:00  INFO 37008 --- [           main] .s.d.r.c.RepositoryConfigurationDelegate : Bootstrapping Spring Data JPA repositories in DEFAULT mode.
2025-07-17T13:56:23.750+01:00  INFO 37008 --- [           main] .s.d.r.c.RepositoryConfigurationDelegate : Finished Spring Data repository scanning in 219 ms. Found 6 JPA repository interfaces.
2025-07-17T13:56:24.891+01:00  INFO 37008 --- [           main] o.hibernate.jpa.internal.util.LogHelper  : HHH000204: Processing PersistenceUnitInfo [name: default]
2025-07-17T13:56:25.104+01:00  INFO 37008 --- [           main] org.hibernate.Version                    : HHH000412: Hibernate ORM core version 6.5.3.Final
2025-07-17T13:56:25.255+01:00  INFO 37008 --- [           main] o.h.c.internal.RegionFactoryInitiator    : HHH000026: Second-level cache disabled
2025-07-17T13:56:26.445+01:00  INFO 37008 --- [           main] o.s.o.j.p.SpringPersistenceUnitInfo      : No LoadTimeWeaver setup: ignoring JPA class transformer
2025-07-17T13:56:26.559+01:00  INFO 37008 --- [           main] com.zaxxer.hikari.HikariDataSource       : HikariPool-1 - Starting...
2025-07-17T13:56:27.352+01:00  INFO 37008 --- [           main] com.zaxxer.hikari.pool.HikariPool        : HikariPool-1 - Added connection com.mysql.cj.jdbc.ConnectionImpl@3669d7ac
2025-07-17T13:56:27.357+01:00  INFO 37008 --- [           main] com.zaxxer.hikari.HikariDataSource       : HikariPool-1 - Start completed.
2025-07-17T13:56:27.540+01:00  WARN 37008 --- [           main] org.hibernate.dialect.Dialect            : HHH000511: The 5.5.5 version for [org.hibernate.dialect.MySQLDialect] is no longer supported, hence certain features may not work properly. The minimum supported version is 8.0.0. Check the community dialects project for available legacy versions.
2025-07-17T13:56:27.559+01:00  WARN 37008 --- [           main] org.hibernate.orm.deprecation            : HHH90000025: MySQLDialect does not need to be specified explicitly using 'hibernate.dialect' (remove the property setting and it will be selected by default)
2025-07-17T13:56:31.001+01:00  INFO 37008 --- [           main] o.h.e.t.j.p.i.JtaPlatformInitiator       : HHH000489: No JTA platform available (set 'hibernate.transaction.jta.platform' to enable JTA platform integration)
Hibernate: alter table bloc drop foreign key FK4elg0453qn92wptvyt9na65fr
Hibernate: alter table chambre drop foreign key FKe3jmwbj3ohvcd61fqhgivoe9j
Hibernate: alter table chambre_reservations drop foreign key FKhx2j8u5cpdmo8pptjvnsjqwma
Hibernate: alter table chambre_reservations drop foreign key FKqy33yndadmosa4l31qk6v3vm2
Hibernate: alter table reservation_etudiants drop foreign key FK53dc9htdv7ne29h80i08urcqv
Hibernate: alter table reservation_etudiants drop foreign key FKr9q9iw0kkhggmvjpnlv00h385
Hibernate: alter table universite drop foreign key FK2b4r95emuv9ea1064hjqxpqq
Hibernate: drop table if exists bloc
Hibernate: drop table if exists chambre
Hibernate: drop table if exists chambre_reservations
Hibernate: drop table if exists etudiant
Hibernate: drop table if exists foyer
Hibernate: drop table if exists reservation
Hibernate: drop table if exists reservation_etudiants
Hibernate: drop table if exists universite
Hibernate: create table bloc (capacite_bloc bigint not null, foyer_id bigint, id_bloc bigint not null auto_increment, nom_bloc varchar(255), primary key (id_bloc)) engine=InnoDB
Hibernate: create table chambre (bloc_id_bloc bigint, id_chambre bigint not null auto_increment, numero_chambre bigint not null, typec enum ('DOUBLE','SIMPLE','TRIPLE'), primary key (id_chambre)) engine=InnoDB
Hibernate: create table chambre_reservations (chambre_id_chambre bigint not null, reservations_id_reservation varchar(255) not null, primary key (chambre_id_chambre, reservations_id_reservation)) engine=InnoDB
Hibernate: create table etudiant (cin_etudiant bigint not null, date_naissance datetime(6), id_etudiant bigint not null auto_increment, nom_etudiant varchar(255), prenom_etudiant varchar(255), primary key (id_etudiant)) engine=InnoDB
Hibernate: create table foyer (capacite_foyer bigint not null, id_foyer bigint not null auto_increment, nom_foyer varchar(255), primary key (id_foyer)) engine=InnoDB
Hibernate: create table reservation (est_valide bit not null, annee_universitaire datetime(6), id_reservation varchar(255) not null, primary key (id_reservation)) engine=InnoDB
Hibernate: create table reservation_etudiants (etudiants_id_etudiant bigint not null, reservations_id_reservation varchar(255) not null, primary key (etudiants_id_etudiant, reservations_id_reservation)) engine=InnoDB
Hibernate: create table universite (foyer_id_foyer bigint, id_universite bigint not null auto_increment, adresse varchar(255), nom_universite varchar(255), primary key (id_universite)) engine=InnoDB
Hibernate: alter table chambre_reservations add constraint UKlhhok2kyd975dqwp4cuo2w6df unique (reservations_id_reservation)
Hibernate: alter table universite add constraint UKshp3tdxapicb48phb2shb39gu unique (foyer_id_foyer)
Hibernate: alter table bloc add constraint FK4elg0453qn92wptvyt9na65fr foreign key (foyer_id) references foyer (id_foyer)
Hibernate: alter table chambre add constraint FKe3jmwbj3ohvcd61fqhgivoe9j foreign key (bloc_id_bloc) references bloc (id_bloc)
Hibernate: alter table chambre_reservations add constraint FKhx2j8u5cpdmo8pptjvnsjqwma foreign key (reservations_id_reservation) references reservation (id_reservation)
Hibernate: alter table chambre_reservations add constraint FKqy33yndadmosa4l31qk6v3vm2 foreign key (chambre_id_chambre) references chambre (id_chambre)
Hibernate: alter table reservation_etudiants add constraint FK53dc9htdv7ne29h80i08urcqv foreign key (etudiants_id_etudiant) references etudiant (id_etudiant)
Hibernate: alter table reservation_etudiants add constraint FKr9q9iw0kkhggmvjpnlv00h385 foreign key (reservations_id_reservation) references reservation (id_reservation)
Hibernate: alter table universite add constraint FK2b4r95emuv9ea1064hjqxpqq foreign key (foyer_id_foyer) references foyer (id_foyer)
2025-07-17T13:56:32.369+01:00  INFO 37008 --- [           main] j.LocalContainerEntityManagerFactoryBean : Initialized JPA EntityManagerFactory for persistence unit 'default'
2025-07-17T13:56:33.002+01:00  INFO 37008 --- [           main] o.s.d.j.r.query.QueryEnhancerFactory     : Hibernate is in classpath; If applicable, HQL parser will be used.
2025-07-17T13:56:34.356+01:00  INFO 37008 --- [           main] t.e.t.integration.BlocRepositoryTest     : Started BlocRepositoryTest in 13.509 seconds (process running for 16.846)
Hibernate: insert into bloc (capacite_bloc,foyer_id,nom_bloc) values (?,?,?)
Hibernate: select b1_0.id_bloc,b1_0.capacite_bloc,b1_0.foyer_id,b1_0.nom_bloc from bloc b1_0 where b1_0.capacite_bloc>?
]]></system-out>
    <system-err><![CDATA[WARNING: A Java agent has been loaded dynamically (C:\Users\Cyrine ATTIA\.m2\repository\net\bytebuddy\byte-buddy-agent\1.14.19\byte-buddy-agent-1.14.19.jar)
WARNING: If a serviceability tool is in use, please run with -XX:+EnableDynamicAgentLoading to hide this warning
WARNING: If a serviceability tool is not in use, please run with -Djdk.instrument.traceUsage for more information
WARNING: Dynamic loading of agents will be disallowed by default in a future release
]]></system-err>
  </testcase>
</testsuite>